2025-08-19 11:55:56,834 - ATTACK - Starting Rapid Reset attack against https://127.0.0.1:8443
2025-08-19 11:55:56,835 - ATTACK - Duration: 20 seconds
2025-08-19 11:55:56,835 - ATTACK - Concurrent streams: 50
2025-08-19 11:55:56,947 - ATTACK - Completed batch of 50 streams. Total: 50
2025-08-19 11:55:57,163 - ATTACK - Completed batch of 50 streams. Total: 100
2025-08-19 11:55:57,374 - ATTACK - Completed batch of 50 streams. Total: 150
2025-08-19 11:55:57,583 - ATTACK - Completed batch of 50 streams. Total: 200
2025-08-19 11:55:57,791 - ATTACK - Completed batch of 50 streams. Total: 250
2025-08-19 11:55:58,003 - ATTACK - Completed batch of 50 streams. Total: 300
2025-08-19 11:55:58,214 - ATTACK - Completed batch of 50 streams. Total: 350
2025-08-19 11:55:58,423 - ATTACK - Completed batch of 50 streams. Total: 400
2025-08-19 11:55:58,634 - ATTACK - Completed batch of 50 streams. Total: 450
2025-08-19 11:55:58,844 - ATTACK - Completed batch of 50 streams. Total: 500
2025-08-19 11:55:59,055 - ATTACK - Completed batch of 50 streams. Total: 550
2025-08-19 11:55:59,266 - ATTACK - Completed batch of 50 streams. Total: 600
2025-08-19 11:55:59,480 - ATTACK - Completed batch of 50 streams. Total: 650
2025-08-19 11:55:59,699 - ATTACK - Completed batch of 50 streams. Total: 700
2025-08-19 11:55:59,913 - ATTACK - Completed batch of 50 streams. Total: 750
2025-08-19 11:56:00,127 - ATTACK - Completed batch of 50 streams. Total: 800
2025-08-19 11:56:00,341 - ATTACK - Completed batch of 50 streams. Total: 850
2025-08-19 11:56:00,554 - ATTACK - Completed batch of 50 streams. Total: 900
2025-08-19 11:56:00,767 - ATTACK - Completed batch of 50 streams. Total: 950
2025-08-19 11:56:00,977 - ATTACK - Completed batch of 50 streams. Total: 1000
2025-08-19 11:56:01,188 - ATTACK - Completed batch of 50 streams. Total: 1050
2025-08-19 11:56:01,399 - ATTACK - Completed batch of 50 streams. Total: 1100
2025-08-19 11:56:01,610 - ATTACK - Completed batch of 50 streams. Total: 1150
2025-08-19 11:56:01,820 - ATTACK - Completed batch of 50 streams. Total: 1200
2025-08-19 11:56:02,030 - ATTACK - Completed batch of 50 streams. Total: 1250
2025-08-19 11:56:02,249 - ATTACK - Completed batch of 50 streams. Total: 1300
2025-08-19 11:56:02,460 - ATTACK - Completed batch of 50 streams. Total: 1350
2025-08-19 11:56:02,669 - ATTACK - Completed batch of 50 streams. Total: 1400
2025-08-19 11:56:02,879 - ATTACK - Completed batch of 50 streams. Total: 1450
2025-08-19 11:56:03,092 - ATTACK - Completed batch of 50 streams. Total: 1500
2025-08-19 11:56:03,316 - ATTACK - Completed batch of 50 streams. Total: 1550
2025-08-19 11:56:03,527 - ATTACK - Completed batch of 50 streams. Total: 1600
2025-08-19 11:56:03,735 - ATTACK - Completed batch of 50 streams. Total: 1650
2025-08-19 11:56:03,943 - ATTACK - Completed batch of 50 streams. Total: 1700
2025-08-19 11:56:04,158 - ATTACK - Completed batch of 50 streams. Total: 1750
2025-08-19 11:56:04,367 - ATTACK - Completed batch of 50 streams. Total: 1800
2025-08-19 11:56:04,577 - ATTACK - Completed batch of 50 streams. Total: 1850
2025-08-19 11:56:04,794 - ATTACK - Completed batch of 50 streams. Total: 1900
2025-08-19 11:56:05,005 - ATTACK - Completed batch of 50 streams. Total: 1950
2025-08-19 11:56:05,213 - ATTACK - Completed batch of 50 streams. Total: 2000
2025-08-19 11:56:05,422 - ATTACK - Completed batch of 50 streams. Total: 2050
2025-08-19 11:56:05,636 - ATTACK - Completed batch of 50 streams. Total: 2100
2025-08-19 11:56:05,845 - ATTACK - Completed batch of 50 streams. Total: 2150
2025-08-19 11:56:06,059 - ATTACK - Completed batch of 50 streams. Total: 2200
2025-08-19 11:56:06,267 - ATTACK - Completed batch of 50 streams. Total: 2250
2025-08-19 11:56:06,479 - ATTACK - Completed batch of 50 streams. Total: 2300
2025-08-19 11:56:06,691 - ATTACK - Completed batch of 50 streams. Total: 2350
2025-08-19 11:56:06,899 - ATTACK - Completed batch of 50 streams. Total: 2400
2025-08-19 11:56:07,111 - ATTACK - Completed batch of 50 streams. Total: 2450
2025-08-19 11:56:07,322 - ATTACK - Completed batch of 50 streams. Total: 2500
2025-08-19 11:56:07,543 - ATTACK - Completed batch of 50 streams. Total: 2550
2025-08-19 11:56:07,754 - ATTACK - Completed batch of 50 streams. Total: 2600
2025-08-19 11:56:07,963 - ATTACK - Completed batch of 50 streams. Total: 2650
2025-08-19 11:56:08,172 - ATTACK - Completed batch of 50 streams. Total: 2700
2025-08-19 11:56:08,382 - ATTACK - Completed batch of 50 streams. Total: 2750
2025-08-19 11:56:08,591 - ATTACK - Completed batch of 50 streams. Total: 2800
2025-08-19 11:56:08,802 - ATTACK - Completed batch of 50 streams. Total: 2850
2025-08-19 11:56:09,011 - ATTACK - Completed batch of 50 streams. Total: 2900
2025-08-19 11:56:09,222 - ATTACK - Completed batch of 50 streams. Total: 2950
2025-08-19 11:56:09,432 - ATTACK - Completed batch of 50 streams. Total: 3000
2025-08-19 11:56:09,642 - ATTACK - Completed batch of 50 streams. Total: 3050
2025-08-19 11:56:09,861 - ATTACK - Completed batch of 50 streams. Total: 3100
2025-08-19 11:56:10,072 - ATTACK - Completed batch of 50 streams. Total: 3150
2025-08-19 11:56:10,282 - ATTACK - Completed batch of 50 streams. Total: 3200
2025-08-19 11:56:10,494 - ATTACK - Completed batch of 50 streams. Total: 3250
2025-08-19 11:56:10,703 - ATTACK - Completed batch of 50 streams. Total: 3300
2025-08-19 11:56:10,911 - ATTACK - Completed batch of 50 streams. Total: 3350
2025-08-19 11:56:11,121 - ATTACK - Completed batch of 50 streams. Total: 3400
2025-08-19 11:56:11,330 - ATTACK - Completed batch of 50 streams. Total: 3450
2025-08-19 11:56:11,541 - ATTACK - Completed batch of 50 streams. Total: 3500
2025-08-19 11:56:11,751 - ATTACK - Completed batch of 50 streams. Total: 3550
2025-08-19 11:56:11,959 - ATTACK - Completed batch of 50 streams. Total: 3600
2025-08-19 11:56:12,169 - ATTACK - Completed batch of 50 streams. Total: 3650
2025-08-19 11:56:12,378 - ATTACK - Completed batch of 50 streams. Total: 3700
2025-08-19 11:56:12,588 - ATTACK - Completed batch of 50 streams. Total: 3750
2025-08-19 11:56:12,798 - ATTACK - Completed batch of 50 streams. Total: 3800
2025-08-19 11:56:13,008 - ATTACK - Completed batch of 50 streams. Total: 3850
2025-08-19 11:56:13,221 - ATTACK - Completed batch of 50 streams. Total: 3900
2025-08-19 11:56:13,431 - ATTACK - Completed batch of 50 streams. Total: 3950
2025-08-19 11:56:13,642 - ATTACK - Completed batch of 50 streams. Total: 4000
2025-08-19 11:56:13,852 - ATTACK - Completed batch of 50 streams. Total: 4050
2025-08-19 11:56:14,062 - ATTACK - Completed batch of 50 streams. Total: 4100
2025-08-19 11:56:14,276 - ATTACK - Completed batch of 50 streams. Total: 4150
2025-08-19 11:56:14,489 - ATTACK - Completed batch of 50 streams. Total: 4200
2025-08-19 11:56:14,702 - ATTACK - Completed batch of 50 streams. Total: 4250
2025-08-19 11:56:14,912 - ATTACK - Completed batch of 50 streams. Total: 4300
2025-08-19 11:56:15,121 - ATTACK - Completed batch of 50 streams. Total: 4350
2025-08-19 11:56:15,332 - ATTACK - Completed batch of 50 streams. Total: 4400
2025-08-19 11:56:15,544 - ATTACK - Completed batch of 50 streams. Total: 4450
2025-08-19 11:56:15,753 - ATTACK - Completed batch of 50 streams. Total: 4500
2025-08-19 11:56:15,975 - ATTACK - Completed batch of 50 streams. Total: 4550
2025-08-19 11:56:16,193 - ATTACK - Completed batch of 50 streams. Total: 4600
2025-08-19 11:56:16,403 - ATTACK - Completed batch of 50 streams. Total: 4650
2025-08-19 11:56:16,612 - ATTACK - Completed batch of 50 streams. Total: 4700
2025-08-19 11:56:16,823 - ATTACK - Completed batch of 50 streams. Total: 4750
2025-08-19 11:56:16,924 - ATTACK - Attack completed. Total streams created: 4750
2025-08-19 11:57:59,716 - ATTACK - Starting Rapid Reset attack against https://api.resumas.com
2025-08-19 11:57:59,717 - ATTACK - Duration: 20 seconds
2025-08-19 11:57:59,717 - ATTACK - Concurrent streams: 50
2025-08-19 11:57:59,829 - ATTACK - Completed batch of 50 streams. Total: 50
2025-08-19 11:58:00,039 - ATTACK - Completed batch of 50 streams. Total: 100
2025-08-19 11:58:00,247 - ATTACK - Completed batch of 50 streams. Total: 150
2025-08-19 11:58:00,455 - ATTACK - Completed batch of 50 streams. Total: 200
2025-08-19 11:58:00,665 - ATTACK - Completed batch of 50 streams. Total: 250
2025-08-19 11:58:00,877 - ATTACK - Completed batch of 50 streams. Total: 300
2025-08-19 11:58:01,086 - ATTACK - Completed batch of 50 streams. Total: 350
2025-08-19 11:58:01,293 - ATTACK - Completed batch of 50 streams. Total: 400
2025-08-19 11:58:01,501 - ATTACK - Completed batch of 50 streams. Total: 450
2025-08-19 11:58:01,708 - ATTACK - Completed batch of 50 streams. Total: 500
2025-08-19 11:58:01,918 - ATTACK - Completed batch of 50 streams. Total: 550
2025-08-19 11:58:02,128 - ATTACK - Completed batch of 50 streams. Total: 600
2025-08-19 11:58:02,340 - ATTACK - Completed batch of 50 streams. Total: 650
2025-08-19 11:58:02,546 - ATTACK - Completed batch of 50 streams. Total: 700
2025-08-19 11:58:02,754 - ATTACK - Completed batch of 50 streams. Total: 750
2025-08-19 11:58:02,965 - ATTACK - Completed batch of 50 streams. Total: 800
2025-08-19 11:58:03,176 - ATTACK - Completed batch of 50 streams. Total: 850
2025-08-19 11:58:03,385 - ATTACK - Completed batch of 50 streams. Total: 900
2025-08-19 11:58:03,598 - ATTACK - Completed batch of 50 streams. Total: 950
2025-08-19 11:58:03,807 - ATTACK - Completed batch of 50 streams. Total: 1000
2025-08-19 11:58:04,012 - ATTACK - Completed batch of 50 streams. Total: 1050
2025-08-19 11:58:04,228 - ATTACK - Completed batch of 50 streams. Total: 1100
2025-08-19 11:58:04,439 - ATTACK - Completed batch of 50 streams. Total: 1150
2025-08-19 11:58:04,652 - ATTACK - Completed batch of 50 streams. Total: 1200
2025-08-19 11:58:04,859 - ATTACK - Completed batch of 50 streams. Total: 1250
2025-08-19 11:58:05,072 - ATTACK - Completed batch of 50 streams. Total: 1300
2025-08-19 11:58:05,283 - ATTACK - Completed batch of 50 streams. Total: 1350
2025-08-19 11:58:05,505 - ATTACK - Completed batch of 50 streams. Total: 1400
2025-08-19 11:58:05,713 - ATTACK - Completed batch of 50 streams. Total: 1450
2025-08-19 11:58:05,924 - ATTACK - Completed batch of 50 streams. Total: 1500
2025-08-19 11:58:06,132 - ATTACK - Completed batch of 50 streams. Total: 1550
2025-08-19 11:58:06,341 - ATTACK - Completed batch of 50 streams. Total: 1600
2025-08-19 11:58:06,550 - ATTACK - Completed batch of 50 streams. Total: 1650
2025-08-19 11:58:06,759 - ATTACK - Completed batch of 50 streams. Total: 1700
2025-08-19 11:58:06,970 - ATTACK - Completed batch of 50 streams. Total: 1750
2025-08-19 11:58:07,183 - ATTACK - Completed batch of 50 streams. Total: 1800
2025-08-19 11:58:07,391 - ATTACK - Completed batch of 50 streams. Total: 1850
2025-08-19 11:58:07,607 - ATTACK - Completed batch of 50 streams. Total: 1900
2025-08-19 11:58:07,818 - ATTACK - Completed batch of 50 streams. Total: 1950
2025-08-19 11:58:08,027 - ATTACK - Completed batch of 50 streams. Total: 2000
2025-08-19 11:58:08,235 - ATTACK - Completed batch of 50 streams. Total: 2050
2025-08-19 11:58:08,447 - ATTACK - Completed batch of 50 streams. Total: 2100
2025-08-19 11:58:08,657 - ATTACK - Completed batch of 50 streams. Total: 2150
2025-08-19 11:58:08,867 - ATTACK - Completed batch of 50 streams. Total: 2200
2025-08-19 11:58:09,076 - ATTACK - Completed batch of 50 streams. Total: 2250
2025-08-19 11:58:09,284 - ATTACK - Completed batch of 50 streams. Total: 2300
2025-08-19 11:58:09,501 - ATTACK - Completed batch of 50 streams. Total: 2350
2025-08-19 11:58:09,711 - ATTACK - Completed batch of 50 streams. Total: 2400
2025-08-19 11:58:09,918 - ATTACK - Completed batch of 50 streams. Total: 2450
2025-08-19 11:58:10,128 - ATTACK - Completed batch of 50 streams. Total: 2500
2025-08-19 11:58:10,336 - ATTACK - Completed batch of 50 streams. Total: 2550
2025-08-19 11:58:10,550 - ATTACK - Completed batch of 50 streams. Total: 2600
2025-08-19 11:58:10,758 - ATTACK - Completed batch of 50 streams. Total: 2650
2025-08-19 11:58:10,969 - ATTACK - Completed batch of 50 streams. Total: 2700
2025-08-19 11:58:11,185 - ATTACK - Completed batch of 50 streams. Total: 2750
2025-08-19 11:58:11,393 - ATTACK - Completed batch of 50 streams. Total: 2800
2025-08-19 11:58:11,601 - ATTACK - Completed batch of 50 streams. Total: 2850
2025-08-19 11:58:11,808 - ATTACK - Completed batch of 50 streams. Total: 2900
2025-08-19 11:58:12,014 - ATTACK - Completed batch of 50 streams. Total: 2950
2025-08-19 11:58:12,223 - ATTACK - Completed batch of 50 streams. Total: 3000
2025-08-19 11:58:12,429 - ATTACK - Completed batch of 50 streams. Total: 3050
2025-08-19 11:58:12,637 - ATTACK - Completed batch of 50 streams. Total: 3100
2025-08-19 11:58:12,845 - ATTACK - Completed batch of 50 streams. Total: 3150
2025-08-19 11:58:13,058 - ATTACK - Completed batch of 50 streams. Total: 3200
2025-08-19 11:58:13,263 - ATTACK - Completed batch of 50 streams. Total: 3250
2025-08-19 11:58:13,473 - ATTACK - Completed batch of 50 streams. Total: 3300
2025-08-19 11:58:13,684 - ATTACK - Completed batch of 50 streams. Total: 3350
2025-08-19 11:58:13,890 - ATTACK - Completed batch of 50 streams. Total: 3400
2025-08-19 11:58:14,096 - ATTACK - Completed batch of 50 streams. Total: 3450
2025-08-19 11:58:14,302 - ATTACK - Completed batch of 50 streams. Total: 3500
2025-08-19 11:58:14,512 - ATTACK - Completed batch of 50 streams. Total: 3550
2025-08-19 11:58:14,723 - ATTACK - Completed batch of 50 streams. Total: 3600
2025-08-19 11:58:14,933 - ATTACK - Completed batch of 50 streams. Total: 3650
2025-08-19 11:58:15,142 - ATTACK - Completed batch of 50 streams. Total: 3700
2025-08-19 11:58:15,351 - ATTACK - Completed batch of 50 streams. Total: 3750
2025-08-19 11:58:15,559 - ATTACK - Completed batch of 50 streams. Total: 3800
2025-08-19 11:58:15,770 - ATTACK - Completed batch of 50 streams. Total: 3850
2025-08-19 11:58:15,981 - ATTACK - Completed batch of 50 streams. Total: 3900
2025-08-19 11:58:16,188 - ATTACK - Completed batch of 50 streams. Total: 3950
2025-08-19 11:58:16,397 - ATTACK - Completed batch of 50 streams. Total: 4000
2025-08-19 11:58:16,605 - ATTACK - Completed batch of 50 streams. Total: 4050
2025-08-19 11:58:16,814 - ATTACK - Completed batch of 50 streams. Total: 4100
2025-08-19 11:58:17,025 - ATTACK - Completed batch of 50 streams. Total: 4150
2025-08-19 11:58:17,233 - ATTACK - Completed batch of 50 streams. Total: 4200
2025-08-19 11:58:17,442 - ATTACK - Completed batch of 50 streams. Total: 4250
2025-08-19 11:58:17,650 - ATTACK - Completed batch of 50 streams. Total: 4300
2025-08-19 11:58:17,859 - ATTACK - Completed batch of 50 streams. Total: 4350
2025-08-19 11:58:18,070 - ATTACK - Completed batch of 50 streams. Total: 4400
2025-08-19 11:58:18,277 - ATTACK - Completed batch of 50 streams. Total: 4450
2025-08-19 11:58:18,500 - ATTACK - Completed batch of 50 streams. Total: 4500
2025-08-19 11:58:18,710 - ATTACK - Completed batch of 50 streams. Total: 4550
2025-08-19 11:58:18,919 - ATTACK - Completed batch of 50 streams. Total: 4600
2025-08-19 11:58:19,127 - ATTACK - Completed batch of 50 streams. Total: 4650
2025-08-19 11:58:19,334 - ATTACK - Completed batch of 50 streams. Total: 4700
2025-08-19 11:58:19,545 - ATTACK - Completed batch of 50 streams. Total: 4750
2025-08-19 11:58:19,758 - ATTACK - Completed batch of 50 streams. Total: 4800
2025-08-19 11:58:19,859 - ATTACK - Attack completed. Total streams created: 4800
