2025-08-20 12:43:38,148 - INFO - 
==================================================
2025-08-20 12:43:38,149 - INFO - STARTING: Light Rapid Reset
2025-08-20 12:43:38,149 - INFO - ==================================================
2025-08-20 12:43:38,149 - INFO - Starting Light Rapid Reset
2025-08-20 12:43:38,149 - INFO - Config: 20 streams, 50 req/s, 30s
2025-08-20 12:43:40,155 - INFO - Streams: 100, Rate: 49.9 req/s
2025-08-20 12:43:42,157 - INFO - Streams: 200, Rate: 49.9 req/s
2025-08-20 12:43:44,161 - INFO - Streams: 300, Rate: 49.9 req/s
2025-08-20 12:43:46,166 - INFO - Streams: 400, Rate: 49.9 req/s
2025-08-20 12:43:48,174 - INFO - Streams: 500, Rate: 49.9 req/s
2025-08-20 12:43:50,183 - INFO - Streams: 600, Rate: 49.9 req/s
2025-08-20 12:43:52,190 - INFO - Streams: 700, Rate: 49.9 req/s
2025-08-20 12:43:54,196 - INFO - Streams: 800, Rate: 49.9 req/s
2025-08-20 12:43:56,199 - INFO - Streams: 900, Rate: 49.9 req/s
2025-08-20 12:43:58,202 - INFO - Streams: 1000, Rate: 49.9 req/s
2025-08-20 12:44:00,206 - INFO - Streams: 1100, Rate: 49.9 req/s
2025-08-20 12:44:02,207 - INFO - Streams: 1200, Rate: 49.9 req/s
2025-08-20 12:44:04,214 - INFO - Streams: 1300, Rate: 49.9 req/s
2025-08-20 12:44:06,220 - INFO - Streams: 1400, Rate: 49.9 req/s
2025-08-20 12:44:08,227 - INFO - Streams: 1500, Rate: 49.9 req/s
2025-08-20 12:44:08,227 - INFO - Attack completed: 1500 total requests
2025-08-20 12:44:08,227 - INFO - Waiting 30 seconds before next attack...
2025-08-20 12:44:38,229 - INFO - 
==================================================
2025-08-20 12:44:38,229 - INFO - STARTING: Medium Rapid Reset
2025-08-20 12:44:38,229 - INFO - ==================================================
2025-08-20 12:44:38,229 - INFO - Starting Medium Rapid Reset
2025-08-20 12:44:38,229 - INFO - Config: 50 streams, 150 req/s, 60s
2025-08-20 12:44:38,899 - INFO - Streams: 100, Rate: 149.4 req/s
2025-08-20 12:44:39,786 - INFO - Streams: 200, Rate: 128.5 req/s
2025-08-20 12:44:40,667 - INFO - Streams: 300, Rate: 123.1 req/s
2025-08-20 12:44:41,763 - INFO - Streams: 400, Rate: 113.2 req/s
2025-08-20 12:44:42,650 - INFO - Streams: 500, Rate: 113.1 req/s
2025-08-20 12:44:43,814 - INFO - Streams: 600, Rate: 107.5 req/s
2025-08-20 12:44:45,027 - INFO - Streams: 700, Rate: 103.0 req/s
2025-08-20 12:44:46,257 - INFO - Streams: 800, Rate: 99.7 req/s
2025-08-20 12:44:47,138 - INFO - Streams: 900, Rate: 101.0 req/s
2025-08-20 12:44:48,233 - INFO - Streams: 1000, Rate: 100.0 req/s
2025-08-20 12:44:49,120 - INFO - Streams: 1100, Rate: 101.0 req/s
2025-08-20 12:44:50,332 - INFO - Streams: 1200, Rate: 99.2 req/s
2025-08-20 12:44:51,432 - INFO - Streams: 1300, Rate: 98.5 req/s
2025-08-20 12:44:52,575 - INFO - Streams: 1400, Rate: 97.6 req/s
2025-08-20 12:44:53,680 - INFO - Streams: 1500, Rate: 97.1 req/s
2025-08-20 12:44:54,776 - INFO - Streams: 1600, Rate: 96.7 req/s
2025-08-20 12:44:55,661 - INFO - Streams: 1700, Rate: 97.5 req/s
2025-08-20 12:44:56,803 - INFO - Streams: 1800, Rate: 96.9 req/s
2025-08-20 12:44:57,917 - INFO - Streams: 1900, Rate: 96.5 req/s
2025-08-20 12:44:59,028 - INFO - Streams: 2000, Rate: 96.2 req/s
2025-08-20 12:45:00,133 - INFO - Streams: 2100, Rate: 95.9 req/s
2025-08-20 12:45:01,023 - INFO - Streams: 2200, Rate: 96.5 req/s
2025-08-20 12:45:02,126 - INFO - Streams: 2300, Rate: 96.3 req/s
2025-08-20 12:45:03,002 - INFO - Streams: 2400, Rate: 96.9 req/s
2025-08-20 12:45:03,670 - INFO - Streams: 2500, Rate: 98.3 req/s
2025-08-20 12:45:04,750 - INFO - Streams: 2600, Rate: 98.0 req/s
2025-08-20 12:45:05,852 - INFO - Streams: 2700, Rate: 97.7 req/s
2025-08-20 12:45:06,962 - INFO - Streams: 2800, Rate: 97.5 req/s
2025-08-20 12:45:07,831 - INFO - Streams: 2900, Rate: 98.0 req/s
2025-08-20 12:45:08,703 - INFO - Streams: 3000, Rate: 98.4 req/s
2025-08-20 12:45:09,810 - INFO - Streams: 3100, Rate: 98.2 req/s
2025-08-20 12:45:10,913 - INFO - Streams: 3200, Rate: 97.9 req/s
2025-08-20 12:45:11,864 - INFO - Streams: 3300, Rate: 98.1 req/s
2025-08-20 12:45:12,734 - INFO - Streams: 3400, Rate: 98.5 req/s
2025-08-20 12:45:13,833 - INFO - Streams: 3500, Rate: 98.3 req/s
2025-08-20 12:45:14,501 - INFO - Streams: 3600, Rate: 99.3 req/s
2025-08-20 12:45:15,395 - INFO - Streams: 3700, Rate: 99.6 req/s
2025-08-20 12:45:16,492 - INFO - Streams: 3800, Rate: 99.3 req/s
2025-08-20 12:45:17,598 - INFO - Streams: 3900, Rate: 99.1 req/s
2025-08-20 12:45:18,484 - INFO - Streams: 4000, Rate: 99.4 req/s
2025-08-20 12:45:19,585 - INFO - Streams: 4100, Rate: 99.1 req/s
2025-08-20 12:45:20,679 - INFO - Streams: 4200, Rate: 98.9 req/s
2025-08-20 12:45:21,579 - INFO - Streams: 4300, Rate: 99.2 req/s
2025-08-20 12:45:22,248 - INFO - Streams: 4400, Rate: 100.0 req/s
2025-08-20 12:45:23,139 - INFO - Streams: 4500, Rate: 100.2 req/s
2025-08-20 12:45:24,232 - INFO - Streams: 4600, Rate: 100.0 req/s
2025-08-20 12:45:25,310 - INFO - Streams: 4700, Rate: 99.8 req/s
2025-08-20 12:45:26,429 - INFO - Streams: 4800, Rate: 99.6 req/s
2025-08-20 12:45:27,541 - INFO - Streams: 4900, Rate: 99.4 req/s
2025-08-20 12:45:28,634 - INFO - Streams: 5000, Rate: 99.2 req/s
2025-08-20 12:45:29,512 - INFO - Streams: 5100, Rate: 99.5 req/s
2025-08-20 12:45:30,604 - INFO - Streams: 5200, Rate: 99.3 req/s
2025-08-20 12:45:31,683 - INFO - Streams: 5300, Rate: 99.2 req/s
2025-08-20 12:45:32,793 - INFO - Streams: 5400, Rate: 99.0 req/s
2025-08-20 12:45:33,689 - INFO - Streams: 5500, Rate: 99.2 req/s
2025-08-20 12:45:34,785 - INFO - Streams: 5600, Rate: 99.0 req/s
2025-08-20 12:45:35,899 - INFO - Streams: 5700, Rate: 98.8 req/s
2025-08-20 12:45:36,774 - INFO - Streams: 5800, Rate: 99.1 req/s
2025-08-20 12:45:37,722 - INFO - Streams: 5900, Rate: 99.2 req/s
2025-08-20 12:45:38,273 - INFO - Attack completed: 5950 total requests
2025-08-20 12:45:38,273 - INFO - Waiting 30 seconds before next attack...
2025-08-20 12:46:08,273 - INFO - 
==================================================
2025-08-20 12:46:08,273 - INFO - STARTING: Heavy Rapid Reset
2025-08-20 12:46:08,273 - INFO - ==================================================
2025-08-20 12:46:08,273 - INFO - Starting Heavy Rapid Reset
2025-08-20 12:46:08,274 - INFO - Config: 100 streams, 300 req/s, 45s
2025-08-20 12:46:08,818 - INFO - Streams: 100, Rate: 183.8 req/s
2025-08-20 12:46:09,457 - INFO - Streams: 200, Rate: 169.1 req/s
2025-08-20 12:46:10,046 - INFO - Streams: 300, Rate: 169.3 req/s
2025-08-20 12:46:10,645 - INFO - Streams: 400, Rate: 168.7 req/s
2025-08-20 12:46:11,241 - INFO - Streams: 500, Rate: 168.5 req/s
2025-08-20 12:46:11,885 - INFO - Streams: 600, Rate: 166.2 req/s
2025-08-20 12:46:12,522 - INFO - Streams: 700, Rate: 164.8 req/s
2025-08-20 12:46:13,147 - INFO - Streams: 800, Rate: 164.2 req/s
2025-08-20 12:46:13,816 - INFO - Streams: 900, Rate: 162.4 req/s
2025-08-20 12:46:14,478 - INFO - Streams: 1000, Rate: 161.2 req/s
2025-08-20 12:46:15,098 - INFO - Streams: 1100, Rate: 161.2 req/s
2025-08-20 12:46:15,433 - INFO - Streams: 1200, Rate: 167.6 req/s
2025-08-20 12:46:16,023 - INFO - Streams: 1300, Rate: 167.8 req/s
2025-08-20 12:46:16,358 - INFO - Streams: 1400, Rate: 173.2 req/s
2025-08-20 12:46:16,921 - INFO - Streams: 1500, Rate: 173.5 req/s
2025-08-20 12:46:17,572 - INFO - Streams: 1600, Rate: 172.1 req/s
2025-08-20 12:46:18,184 - INFO - Streams: 1700, Rate: 171.5 req/s
2025-08-20 12:46:18,796 - INFO - Streams: 1800, Rate: 171.1 req/s
2025-08-20 12:46:19,379 - INFO - Streams: 1900, Rate: 171.1 req/s
2025-08-20 12:46:19,715 - INFO - Streams: 2000, Rate: 174.8 req/s
2025-08-20 12:46:20,049 - INFO - Streams: 2100, Rate: 178.3 req/s
2025-08-20 12:46:20,672 - INFO - Streams: 2200, Rate: 177.4 req/s
2025-08-20 12:46:21,250 - INFO - Streams: 2300, Rate: 177.2 req/s
2025-08-20 12:46:21,817 - INFO - Streams: 2400, Rate: 177.2 req/s
2025-08-20 12:46:22,540 - INFO - Streams: 2500, Rate: 175.2 req/s
2025-08-20 12:46:23,162 - INFO - Streams: 2600, Rate: 174.6 req/s
2025-08-20 12:46:23,802 - INFO - Streams: 2700, Rate: 173.9 req/s
2025-08-20 12:46:24,136 - INFO - Streams: 2800, Rate: 176.5 req/s
2025-08-20 12:46:24,770 - INFO - Streams: 2900, Rate: 175.8 req/s
2025-08-20 12:46:25,361 - INFO - Streams: 3000, Rate: 175.6 req/s
2025-08-20 12:46:25,979 - INFO - Streams: 3100, Rate: 175.1 req/s
2025-08-20 12:46:26,573 - INFO - Streams: 3200, Rate: 174.9 req/s
2025-08-20 12:46:27,158 - INFO - Streams: 3300, Rate: 174.7 req/s
2025-08-20 12:46:27,824 - INFO - Streams: 3400, Rate: 173.9 req/s
2025-08-20 12:46:28,158 - INFO - Streams: 3500, Rate: 176.0 req/s
2025-08-20 12:46:28,754 - INFO - Streams: 3600, Rate: 175.8 req/s
2025-08-20 12:46:29,338 - INFO - Streams: 3700, Rate: 175.7 req/s
2025-08-20 12:46:29,671 - INFO - Streams: 3800, Rate: 177.6 req/s
2025-08-20 12:46:30,005 - INFO - Streams: 3900, Rate: 179.5 req/s
2025-08-20 12:46:30,340 - INFO - Streams: 4000, Rate: 181.3 req/s
2025-08-20 12:46:30,920 - INFO - Streams: 4100, Rate: 181.0 req/s
2025-08-20 12:46:31,254 - INFO - Streams: 4200, Rate: 182.8 req/s
2025-08-20 12:46:31,588 - INFO - Streams: 4300, Rate: 184.4 req/s
2025-08-20 12:46:32,201 - INFO - Streams: 4400, Rate: 183.9 req/s
2025-08-20 12:46:32,844 - INFO - Streams: 4500, Rate: 183.1 req/s
2025-08-20 12:46:33,456 - INFO - Streams: 4600, Rate: 182.7 req/s
2025-08-20 12:46:34,054 - INFO - Streams: 4700, Rate: 182.3 req/s
2025-08-20 12:46:34,666 - INFO - Streams: 4800, Rate: 181.9 req/s
2025-08-20 12:46:35,260 - INFO - Streams: 4900, Rate: 181.6 req/s
2025-08-20 12:46:35,877 - INFO - Streams: 5000, Rate: 181.1 req/s
2025-08-20 12:46:36,464 - INFO - Streams: 5100, Rate: 180.9 req/s
2025-08-20 12:46:37,061 - INFO - Streams: 5200, Rate: 180.6 req/s
2025-08-20 12:46:37,640 - INFO - Streams: 5300, Rate: 180.5 req/s
2025-08-20 12:46:38,251 - INFO - Streams: 5400, Rate: 180.1 req/s
2025-08-20 12:46:38,821 - INFO - Streams: 5500, Rate: 180.0 req/s
2025-08-20 12:46:39,395 - INFO - Streams: 5600, Rate: 179.9 req/s
2025-08-20 12:46:39,990 - INFO - Streams: 5700, Rate: 179.7 req/s
2025-08-20 12:46:40,585 - INFO - Streams: 5800, Rate: 179.5 req/s
2025-08-20 12:46:40,920 - INFO - Streams: 5900, Rate: 180.7 req/s
2025-08-20 12:46:41,521 - INFO - Streams: 6000, Rate: 180.5 req/s
2025-08-20 12:46:41,855 - INFO - Streams: 6100, Rate: 181.6 req/s
2025-08-20 12:46:42,440 - INFO - Streams: 6200, Rate: 181.5 req/s
2025-08-20 12:46:42,775 - INFO - Streams: 6300, Rate: 182.6 req/s
2025-08-20 12:46:43,415 - INFO - Streams: 6400, Rate: 182.1 req/s
2025-08-20 12:46:44,180 - INFO - Streams: 6500, Rate: 181.0 req/s
2025-08-20 12:46:44,515 - INFO - Streams: 6600, Rate: 182.1 req/s
2025-08-20 12:46:45,113 - INFO - Streams: 6700, Rate: 181.9 req/s
2025-08-20 12:46:45,683 - INFO - Streams: 6800, Rate: 181.8 req/s
2025-08-20 12:46:46,260 - INFO - Streams: 6900, Rate: 181.6 req/s
2025-08-20 12:46:46,817 - INFO - Streams: 7000, Rate: 181.6 req/s
2025-08-20 12:46:47,388 - INFO - Streams: 7100, Rate: 181.5 req/s
2025-08-20 12:46:47,722 - INFO - Streams: 7200, Rate: 182.5 req/s
2025-08-20 12:46:48,312 - INFO - Streams: 7300, Rate: 182.3 req/s
2025-08-20 12:46:49,016 - INFO - Streams: 7400, Rate: 181.6 req/s
2025-08-20 12:46:49,647 - INFO - Streams: 7500, Rate: 181.3 req/s
2025-08-20 12:46:49,980 - INFO - Streams: 7600, Rate: 182.2 req/s
2025-08-20 12:46:50,663 - INFO - Streams: 7700, Rate: 181.7 req/s
2025-08-20 12:46:50,996 - INFO - Streams: 7800, Rate: 182.6 req/s
2025-08-20 12:46:51,612 - INFO - Streams: 7900, Rate: 182.3 req/s
2025-08-20 12:46:52,188 - INFO - Streams: 8000, Rate: 182.2 req/s
2025-08-20 12:46:52,774 - INFO - Streams: 8100, Rate: 182.0 req/s
2025-08-20 12:46:53,366 - INFO - Streams: 8200, Rate: 181.9 req/s
2025-08-20 12:46:53,367 - INFO - Attack completed: 8200 total requests
2025-08-20 12:46:53,367 - INFO - Waiting 30 seconds before next attack...
2025-08-20 12:47:23,367 - INFO - 
==================================================
2025-08-20 12:47:23,369 - INFO - STARTING: Extreme Rapid Reset
2025-08-20 12:47:23,369 - INFO - ==================================================
2025-08-20 12:47:23,369 - INFO - Starting Extreme Rapid Reset
2025-08-20 12:47:23,369 - INFO - Config: 200 streams, 500 req/s, 30s
2025-08-20 12:47:24,101 - INFO - Streams: 200, Rate: 273.4 req/s
2025-08-20 12:47:24,780 - INFO - Streams: 400, Rate: 283.7 req/s
2025-08-20 12:47:25,454 - INFO - Streams: 600, Rate: 287.9 req/s
2025-08-20 12:47:26,088 - INFO - Streams: 800, Rate: 294.3 req/s
2025-08-20 12:47:26,489 - INFO - Streams: 1000, Rate: 320.5 req/s
2025-08-20 12:47:27,180 - INFO - Streams: 1200, Rate: 314.9 req/s
2025-08-20 12:47:27,808 - INFO - Streams: 1400, Rate: 315.4 req/s
2025-08-20 12:47:28,209 - INFO - Streams: 1600, Rate: 330.6 req/s
2025-08-20 12:47:28,611 - INFO - Streams: 1800, Rate: 343.4 req/s
2025-08-20 12:47:29,012 - INFO - Streams: 2000, Rate: 354.4 req/s
2025-08-20 12:47:29,676 - INFO - Streams: 2200, Rate: 348.8 req/s
2025-08-20 12:47:30,077 - INFO - Streams: 2400, Rate: 357.8 req/s
2025-08-20 12:47:30,740 - INFO - Streams: 2600, Rate: 352.8 req/s
2025-08-20 12:47:31,140 - INFO - Streams: 2800, Rate: 360.3 req/s
2025-08-20 12:47:31,541 - INFO - Streams: 3000, Rate: 367.1 req/s
2025-08-20 12:47:31,942 - INFO - Streams: 3200, Rate: 373.3 req/s
2025-08-20 12:47:32,629 - INFO - Streams: 3400, Rate: 367.2 req/s
2025-08-20 12:47:33,319 - INFO - Streams: 3600, Rate: 361.8 req/s
2025-08-20 12:47:33,721 - INFO - Streams: 3800, Rate: 367.1 req/s
2025-08-20 12:47:34,121 - INFO - Streams: 4000, Rate: 372.0 req/s
2025-08-20 12:47:34,522 - INFO - Streams: 4200, Rate: 376.6 req/s
2025-08-20 12:47:35,209 - INFO - Streams: 4400, Rate: 371.6 req/s
2025-08-20 12:47:35,610 - INFO - Streams: 4600, Rate: 375.8 req/s
2025-08-20 12:47:36,287 - INFO - Streams: 4800, Rate: 371.6 req/s
2025-08-20 12:47:36,688 - INFO - Streams: 5000, Rate: 375.4 req/s
2025-08-20 12:47:37,297 - INFO - Streams: 5200, Rate: 373.4 req/s
2025-08-20 12:47:37,705 - INFO - Streams: 5400, Rate: 376.7 req/s
2025-08-20 12:47:38,334 - INFO - Streams: 5600, Rate: 374.2 req/s
2025-08-20 12:47:38,962 - INFO - Streams: 5800, Rate: 372.0 req/s
2025-08-20 12:47:39,363 - INFO - Streams: 6000, Rate: 375.2 req/s
2025-08-20 12:47:39,763 - INFO - Streams: 6200, Rate: 378.2 req/s
2025-08-20 12:47:40,402 - INFO - Streams: 6400, Rate: 375.8 req/s
2025-08-20 12:47:40,802 - INFO - Streams: 6600, Rate: 378.6 req/s
2025-08-20 12:47:41,203 - INFO - Streams: 6800, Rate: 381.3 req/s
2025-08-20 12:47:41,604 - INFO - Streams: 7000, Rate: 383.9 req/s
2025-08-20 12:47:42,111 - INFO - Streams: 7200, Rate: 384.2 req/s
2025-08-20 12:47:42,851 - INFO - Streams: 7400, Rate: 379.9 req/s
2025-08-20 12:47:43,480 - INFO - Streams: 7600, Rate: 377.9 req/s
2025-08-20 12:47:44,211 - INFO - Streams: 7800, Rate: 374.3 req/s
2025-08-20 12:47:44,612 - INFO - Streams: 8000, Rate: 376.6 req/s
2025-08-20 12:47:45,013 - INFO - Streams: 8200, Rate: 378.9 req/s
2025-08-20 12:47:45,680 - INFO - Streams: 8400, Rate: 376.5 req/s
2025-08-20 12:47:46,081 - INFO - Streams: 8600, Rate: 378.7 req/s
2025-08-20 12:47:46,481 - INFO - Streams: 8800, Rate: 380.8 req/s
2025-08-20 12:47:46,883 - INFO - Streams: 9000, Rate: 382.8 req/s
2025-08-20 12:47:47,565 - INFO - Streams: 9200, Rate: 380.2 req/s
2025-08-20 12:47:47,966 - INFO - Streams: 9400, Rate: 382.2 req/s
2025-08-20 12:47:48,367 - INFO - Streams: 9600, Rate: 384.0 req/s
2025-08-20 12:47:48,973 - INFO - Streams: 9800, Rate: 382.8 req/s
2025-08-20 12:47:49,639 - INFO - Streams: 10000, Rate: 380.7 req/s
2025-08-20 12:47:50,294 - INFO - Streams: 10200, Rate: 378.8 req/s
2025-08-20 12:47:50,986 - INFO - Streams: 10400, Rate: 376.6 req/s
2025-08-20 12:47:51,708 - INFO - Streams: 10600, Rate: 374.1 req/s
2025-08-20 12:47:52,347 - INFO - Streams: 10800, Rate: 372.7 req/s
2025-08-20 12:47:52,748 - INFO - Streams: 11000, Rate: 374.4 req/s
2025-08-20 12:47:53,149 - INFO - Streams: 11200, Rate: 376.1 req/s
2025-08-20 12:47:53,845 - INFO - Streams: 11400, Rate: 374.1 req/s
2025-08-20 12:47:53,845 - INFO - Attack completed: 11400 total requests
2025-08-20 12:47:53,846 - INFO - Waiting 30 seconds before next attack...
2025-08-20 12:48:23,846 - INFO - All attacks completed!
